This is pdfTeX, Version 3.141592653-2.6-1.40.28 (TeX Live 2025) (preloaded format=pdflatex 2026.2.1)  6 FEB 2026 20:45
entering extended mode
 \write18 enabled.
 %&-line parsing enabled.
**C:/Users/ricuib/Documents/Docencia_25_26/ApLabAD/customblocks_fixed.tex
(c:/Users/ricuib/Documents/Docencia_25_26/ApLabAD/customblocks_fixed.tex
LaTeX2e <2025-11-01>
L3 programming layer <2026-01-19>

! LaTeX Error: \usepackage before \documentclass.

See the LaTeX manual or LaTeX Companion for explanation.
Type  H <return>  for immediate help.
 ...                                              
                                                  
l.2 \usepackage[table]{
                       xcolor}   % habilita colores en tablas
\usepackage may only appear in the document preamble, i.e.,
between \documentclass and \begin{document}.

 
Here is how much of TeX's memory you used:
 17 strings out of 469420
 724 string characters out of 5465164
 433759 words of memory out of 5000000
 28781 multiletter control sequences out of 15000+600000
 627721 words of font info for 40 fonts, out of 8000000 for 9000
 62 hyphenation exceptions out of 8191
 12i,0n,13p,131b,14s stack positions out of 10000i,1000n,20000p,200000b,200000s
!  ==> Fatal error occurred, no output PDF file produced!
